<?xml version="1.0" encoding="UTF-8"?>
<!-- Generated by org.testng.reporters.JUnitXMLReporter -->
<testsuite ignored="0" hostname="DESKTOP-N3LRL61" failures="0" tests="5" name="Default test" time="8.953" errors="0" timestamp="2025-07-30T15:26:16 IST">
  <testcase classname="Com.QA.tests.Product_Test" name="Login_Page_Test" time="0.53"/>
  <testcase classname="Com.QA.tests.Product_Test" name="Home_Page_Test" time="0.775"/>
  <testcase classname="Com.QA.tests.Product_Test" name="Cart_Page_Test" time="0.311"/>
  <testcase classname="Com.QA.tests.Product_Test" name="Checkout_Page_Test" time="0.639"/>
  <testcase classname="Com.QA.tests.Product_Test" name="payment_page_Test" time="0.253"/>
</testsuite> <!-- Default test -->
