<?xml version="1.0" encoding="UTF-8"?>
<!-- Generated by org.testng.reporters.JUnitXMLReporter -->
<testsuite ignored="0" hostname="DESKTOP-N3LRL61" failures="0" tests="3" name="Default test" time="9.009" errors="0" timestamp="2025-07-28T21:10:53 IST">
  <testcase classname="Com.QA.tests.Product_Test" name="Login_Page_Test" time="0.505"/>
  <testcase classname="Com.QA.tests.Product_Test" name="Home_Page_Test" time="0.722"/>
  <testcase classname="Com.QA.tests.Product_Test" name="Cart_Page_Test" time="3.33"/>
</testsuite> <!-- Default test -->
