<?xml version="1.0" encoding="UTF-8"?>
<!-- Generated by org.testng.reporters.JUnitXMLReporter -->
<testsuite ignored="0" hostname="DESKTOP-N3LRL61" failures="0" tests="11" name="Product Tests" time="60.535" errors="0" timestamp="2025-07-31T10:33:04 IST">
  <testcase classname="Com.QA.tests.Product_Test" name="Login_Page_Test" time="0.913"/>
  <testcase classname="Com.QA.tests.Product_Test" name="Home_Page_Test" time="1.205"/>
  <testcase classname="Com.QA.tests.Product_Test" name="Cart_Page_Test" time="0.622"/>
  <testcase classname="Com.QA.tests.Product_Test" name="Checkout_Page_Test" time="1.241"/>
  <testcase classname="Com.QA.tests.Product_Test" name="payment_page_Test" time="0.511"/>
  <testcase classname="Com.QA.tests.Data_Driven_Test" name="login_Test" time="3.675"/>
  <testcase classname="Com.QA.tests.Data_Driven_Test" name="login_Test" time="2.661"/>
  <testcase classname="Com.QA.tests.Data_Driven_Test" name="login_Test" time="0.808"/>
  <testcase classname="Com.QA.tests.Data_Driven_Test" name="login_Test" time="5.962"/>
  <testcase classname="Com.QA.tests.Data_Driven_Test" name="login_Test" time="0.819"/>
  <testcase classname="Com.QA.tests.Data_Driven_Test" name="login_Test" time="0.872"/>
</testsuite> <!-- Product Tests -->
