<?xml version="1.0" encoding="UTF-8"?>
<!-- Generated by org.testng.reporters.JUnitXMLReporter -->
<testsuite ignored="0" hostname="DESKTOP-N3LRL61" failures="0" tests="5" name="Test" time="11.238" errors="0" timestamp="2025-07-30T19:59:06 IST">
  <testcase classname="Com.QA.tests.Product_Test" name="Login_Page_Test" time="0.534"/>
  <testcase classname="Com.QA.tests.Product_Test" name="Home_Page_Test" time="0.673"/>
  <testcase classname="Com.QA.tests.Product_Test" name="Cart_Page_Test" time="0.337"/>
  <testcase classname="Com.QA.tests.Product_Test" name="Checkout_Page_Test" time="0.743"/>
  <testcase classname="Com.QA.tests.Product_Test" name="payment_page_Test" time="0.268"/>
</testsuite> <!-- Test -->
