<?xml version="1.0" encoding="UTF-8"?>
<!-- Generated by org.testng.reporters.JUnitXMLReporter -->
<testsuite ignored="0" hostname="DESKTOP-N3LRL61" failures="0" tests="6" name="Data Driven Test Execution" time="29.832" errors="0" timestamp="2025-07-30T19:40:58 IST">
  <testcase classname="Com.QA.tests.Data_Driven_Test" name="login_Test" time="0.545"/>
  <testcase classname="Com.QA.tests.Data_Driven_Test" name="login_Test" time="0.471"/>
  <testcase classname="Com.QA.tests.Data_Driven_Test" name="login_Test" time="0.499"/>
  <testcase classname="Com.QA.tests.Data_Driven_Test" name="login_Test" time="5.504"/>
  <testcase classname="Com.QA.tests.Data_Driven_Test" name="login_Test" time="0.49"/>
  <testcase classname="Com.QA.tests.Data_Driven_Test" name="login_Test" time="0.502"/>
</testsuite> <!-- Data Driven Test Execution -->
