<?xml version="1.0" encoding="UTF-8"?>
<!-- Generated by org.testng.reporters.JUnitXMLReporter -->
<testsuite ignored="0" hostname="DESKTOP-N3LRL61" failures="0" tests="11" name="Product Tests" time="53.093" errors="0" timestamp="2025-07-31T12:11:38 IST">
  <testcase classname="Com.QA.tests.Product_Test" name="Login_Page_Test" time="0.537"/>
  <testcase classname="Com.QA.tests.Product_Test" name="Home_Page_Test" time="0.69"/>
  <testcase classname="Com.QA.tests.Product_Test" name="Cart_Page_Test" time="0.388"/>
  <testcase classname="Com.QA.tests.Product_Test" name="Checkout_Page_Test" time="0.662"/>
  <testcase classname="Com.QA.tests.Product_Test" name="payment_page_Test" time="0.291"/>
  <testcase classname="Com.QA.tests.Data_Driven_Test" name="login_Test" time="0.524"/>
  <testcase classname="Com.QA.tests.Data_Driven_Test" name="login_Test" time="0.487"/>
  <testcase classname="Com.QA.tests.Data_Driven_Test" name="login_Test" time="0.454"/>
  <testcase classname="Com.QA.tests.Data_Driven_Test" name="login_Test" time="5.548"/>
  <testcase classname="Com.QA.tests.Data_Driven_Test" name="login_Test" time="0.434"/>
  <testcase classname="Com.QA.tests.Data_Driven_Test" name="login_Test" time="0.475"/>
</testsuite> <!-- Product Tests -->
