<?xml version="1.0" encoding="UTF-8"?>
<testng-results ignored="0" total="5" passed="5" failed="0" skipped="0">
  <reporter-output>
  </reporter-output>
  <suite started-at="2025-07-30T16:35:42 IST" name="Suite" finished-at="2025-07-30T16:35:52 IST" duration-ms="9696">
    <groups>
    </groups>
    <test started-at="2025-07-30T16:35:42 IST" name="Test" finished-at="2025-07-30T16:35:52 IST" duration-ms="9696">
      <class name="Com.QA.tests.Product_Test">
        <test-method is-config="true" signature="set_up()[pri:0, instance:Com.QA.tests.Product_Test@31c88ec8]" started-at="2025-07-30T16:35:42 IST" name="set_up" finished-at="2025-07-30T16:35:46 IST" duration-ms="4182" status="PASS">
          <reporter-output>
          </reporter-output>
        </test-method> <!-- set_up -->
        <test-method signature="Login_Page_Test()[pri:1, instance:Com.QA.tests.Product_Test@31c88ec8]" started-at="2025-07-30T16:35:46 IST" name="Login_Page_Test" finished-at="2025-07-30T16:35:47 IST" duration-ms="528" status="PASS">
          <reporter-output>
          </reporter-output>
        </test-method> <!-- Login_Page_Test -->
        <test-method signature="Home_Page_Test()[pri:2, instance:Com.QA.tests.Product_Test@31c88ec8]" started-at="2025-07-30T16:35:47 IST" name="Home_Page_Test" finished-at="2025-07-30T16:35:48 IST" depends-on-methods="Login_Page_Test()" duration-ms="679" status="PASS">
          <reporter-output>
          </reporter-output>
        </test-method> <!-- Home_Page_Test -->
        <test-method signature="Cart_Page_Test()[pri:3, instance:Com.QA.tests.Product_Test@31c88ec8]" started-at="2025-07-30T16:35:48 IST" name="Cart_Page_Test" finished-at="2025-07-30T16:35:49 IST" depends-on-methods="Home_Page_Test()" duration-ms="399" status="PASS">
          <reporter-output>
          </reporter-output>
        </test-method> <!-- Cart_Page_Test -->
        <test-method signature="Checkout_Page_Test(java.lang.String,java.lang.String,java.lang.String)[pri:4, instance:Com.QA.tests.Product_Test@31c88ec8]" started-at="2025-07-30T16:35:50 IST" name="Checkout_Page_Test" data-provider="getData()" finished-at="2025-07-30T16:35:50 IST" depends-on-methods="Cart_Page_Test()" duration-ms="698" status="PASS">
          <params>
            <param index="0">
              <value>
                <![CDATA[Steve]]>
              </value>
            </param>
            <param index="1">
              <value>
                <![CDATA[Warne]]>
              </value>
            </param>
            <param index="2">
              <value>
                <![CDATA[wedfrt4t]]>
              </value>
            </param>
          </params>
          <reporter-output>
          </reporter-output>
        </test-method> <!-- Checkout_Page_Test -->
        <test-method signature="payment_page_Test()[pri:5, instance:Com.QA.tests.Product_Test@31c88ec8]" started-at="2025-07-30T16:35:51 IST" name="payment_page_Test" finished-at="2025-07-30T16:35:51 IST" depends-on-methods="Checkout_Page_Test()" duration-ms="264" status="PASS">
          <reporter-output>
          </reporter-output>
        </test-method> <!-- payment_page_Test -->
        <test-method is-config="true" signature="tear_Down()[pri:0, instance:Com.QA.tests.Product_Test@31c88ec8]" started-at="2025-07-30T16:35:51 IST" name="tear_Down" finished-at="2025-07-30T16:35:52 IST" duration-ms="580" status="PASS">
          <reporter-output>
          </reporter-output>
        </test-method> <!-- tear_Down -->
      </class> <!-- Com.QA.tests.Product_Test -->
    </test> <!-- Test -->
  </suite> <!-- Suite -->
</testng-results>
