<?xml version="1.0" encoding="UTF-8"?>
<testsuite xmlns:xsi="http://www.w3.org/2001/XMLSchema-instance" xsi:noNamespaceSchemaLocation="https://maven.apache.org/surefire/maven-surefire-plugin/xsd/surefire-test-report-3.0.xsd" version="3.0" name="TestSuite" time="10.882" tests="5" errors="0" skipped="0" failures="0">
  <properties>
[...]
</properties>
  <testcase name="Login_Page_Test" classname="Com.QA.tests.Product_Test" time="0.848">
    <system-out><![CDATA[On Start method invoked....
[DEBUG] 2025-07-30 16:35:46.871 [main] Product_Test - ----------Before Test SetUp Started-----------
Test Started: Login_Page_Test
Swag Labs
[INFO ] 2025-07-30 16:35:46.930 [main] Product_Test - Login Page title verified....
https://www.saucedemo.com/
[INFO ] 2025-07-30 16:35:46.940 [main] Product_Test - Login Page Url verified....
[INFO ] 2025-07-30 16:35:47.436 [main] Product_Test - Login Complete....
Test Passed: Login_Page_Test
]]></system-out>
    <system-err><![CDATA[SLF4J: Failed to load class "org.slf4j.impl.StaticLoggerBinder".
SLF4J: Defaulting to no-operation (NOP) logger implementation
SLF4J: See http://www.slf4j.org/codes.html#StaticLoggerBinder for further details.
Jul 30, 2025 4:35:45 PM org.openqa.selenium.devtools.CdpVersionFinder findNearestMatch
WARNING: Unable to find an exact match for CDP version 138, returning the closest version; found: 134; Please update to a Selenium version that supports CDP version 138
]]></system-err>
  </testcase>
  <testcase name="Home_Page_Test" classname="Com.QA.tests.Product_Test" time="0.928">
    <system-out><![CDATA[Test Started: Home_Page_Test
Swag Labs
[INFO ] 2025-07-30 16:35:47.769 [main] Product_Test - Home Page title verified....
https://www.saucedemo.com/inventory.html
[INFO ] 2025-07-30 16:35:47.777 [main] Product_Test - Home Page Url verified....
Sauce Labs Backpack
Sauce Labs Bike Light
Sauce Labs Bolt T-Shirt
Sauce Labs Fleece Jacket
Sauce Labs Onesie
Test.allTheThings() T-Shirt (Red)
[INFO ] 2025-07-30 16:35:47.961 [main] Product_Test - Home Page Product Names verified....
carry.allTheThings() with the sleek, streamlined Sly Pack that melds uncompromising style with unequaled laptop and tablet protection.
A red light isn't the desired state in testing but it sure helps when riding your bike at night. Water-resistant with 3 lighting modes, 1 AAA battery included.
Get your testing superhero on with the Sauce Labs bolt T-shirt. From American Apparel, 100% ringspun combed cotton, heather gray with red bolt.
It's not every day that you come across a midweight quarter-zip fleece jacket capable of handling everything from a relaxing day outdoors to a busy day at the office.
Rib snap infant onesie for the junior automation engineer in development. Reinforced 3-snap bottom closure, two-needle hemmed sleeved and bottom won't unravel.
This classic Sauce Labs t-shirt is perfect to wear when cozying up to your keyboard to automate a few tests. Super-soft and comfy ringspun combed cotton.
[INFO ] 2025-07-30 16:35:48.117 [main] Product_Test - Home Page Product Infos verified....
$29.99
$9.99
$15.99
$49.99
$7.99
$15.99
[INFO ] 2025-07-30 16:35:48.260 [main] Product_Test - Home Page Product Prices verified....
[INFO ] 2025-07-30 16:35:48.440 [main] Product_Test - Home Page Product Selected....
Test Passed: Home_Page_Test
]]></system-out>
  </testcase>
  <testcase name="Cart_Page_Test" classname="Com.QA.tests.Product_Test" time="0.573">
    <system-out><![CDATA[Test Started: Cart_Page_Test
Swag Labs
[INFO ] 2025-07-30 16:35:48.700 [main] Product_Test - Cart Page title verified....
https://www.saucedemo.com/inventory-item.html?id=4
[INFO ] 2025-07-30 16:35:48.708 [main] Product_Test - Cart Page url verified....
Sauce Labs Backpack
[INFO ] 2025-07-30 16:35:48.750 [main] Product_Test - Cart Page Product Name verified....
carry.allTheThings() with the sleek, streamlined Sly Pack that melds uncompromising style with unequaled laptop and tablet protection.
[INFO ] 2025-07-30 16:35:48.785 [main] Product_Test - Cart Page Product Info verified....
$29.99
[INFO ] 2025-07-30 16:35:48.814 [main] Product_Test - Cart Page Product Price verified....
[INFO ] 2025-07-30 16:35:48.948 [main] Product_Test - Cart Page Clicked On Add To Cart....
[INFO ] 2025-07-30 16:35:49.089 [main] Product_Test - Cart Page Clicked Cart....
Test Passed: Cart_Page_Test
]]></system-out>
  </testcase>
  <testcase name="Checkout_Page_Test[Steve, Warne, wedfrt4t](1)" classname="Com.QA.tests.Product_Test" time="0.891">
    <system-out><![CDATA[Test Started: Checkout_Page_Test
Swag Labs
[INFO ] 2025-07-30 16:35:50.152 [main] Product_Test - Checkout Page Title Verified.....
https://www.saucedemo.com/cart.html
[INFO ] 2025-07-30 16:35:50.160 [main] Product_Test - Checkout Page Url Verified.....
Sauce Labs Backpack
[INFO ] 2025-07-30 16:35:50.197 [main] Product_Test - Checkout Product Name Verified.....
carry.allTheThings() with the sleek, streamlined Sly Pack that melds uncompromising style with unequaled laptop and tablet protection.
[INFO ] 2025-07-30 16:35:50.231 [main] Product_Test - Checkout Product Info Verified.....
$29.99
[INFO ] 2025-07-30 16:35:50.285 [main] Product_Test - Checkout Product Price Verified.....
[INFO ] 2025-07-30 16:35:50.410 [main] Product_Test - Clicked On Checkout.....
[INFO ] 2025-07-30 16:35:50.709 [main] Product_Test - Address details Sent....
[INFO ] 2025-07-30 16:35:50.834 [main] Product_Test - Clicked On Continue Button.....
Test Passed: Checkout_Page_Test
]]></system-out>
  </testcase>
  <testcase name="payment_page_Test" classname="Com.QA.tests.Product_Test" time="0.432">
    <system-out><![CDATA[Test Started: payment_page_Test
Swag Labs
[INFO ] 2025-07-30 16:35:51.039 [main] Product_Test - Payment Page Title Verified.....
https://www.saucedemo.com/checkout-step-two.html
[INFO ] 2025-07-30 16:35:51.046 [main] Product_Test - Payment Page Url Verified.....
Sauce Labs Backpack
[INFO ] 2025-07-30 16:35:51.068 [main] Product_Test - Payment Product Name Verified.....
carry.allTheThings() with the sleek, streamlined Sly Pack that melds uncompromising style with unequaled laptop and tablet protection.
[INFO ] 2025-07-30 16:35:51.090 [main] Product_Test - Payment Product Info Verified.....
$29.99
[INFO ] 2025-07-30 16:35:51.111 [main] Product_Test - Payment Product Price Verified.....
SauceCard #31337
[INFO ] 2025-07-30 16:35:51.139 [main] Product_Test - Payment Page Payment Info Verified.....
Free Pony Express Delivery!
[INFO ] 2025-07-30 16:35:51.162 [main] Product_Test - Payment Shipping Info Verified.....
Total: $32.39
[INFO ] 2025-07-30 16:35:51.185 [main] Product_Test - Payment Page Total Price Verified.....
[INFO ] 2025-07-30 16:35:51.294 [main] Product_Test - Payment Clicked on Finish.....
Test Passed: payment_page_Test
]]></system-out>
  </testcase>
</testsuite>