<?xml version="1.0" encoding="UTF-8"?>
<testng-results ignored="0" total="11" passed="11" failed="0" skipped="0">
  <reporter-output>
  </reporter-output>
  <suite started-at="2025-07-31T12:10:44 IST" name="Suite" finished-at="2025-07-31T12:11:37 IST" duration-ms="53093">
    <groups>
    </groups>
    <test started-at="2025-07-31T12:10:44 IST" name="Product Tests" finished-at="2025-07-31T12:11:37 IST" duration-ms="53093">
      <class name="Com.QA.tests.Product_Test">
        <test-method is-config="true" signature="set_up()[pri:0, instance:Com.QA.tests.Product_Test@957e06]" started-at="2025-07-31T12:10:44 IST" name="set_up" finished-at="2025-07-31T12:10:51 IST" duration-ms="6282" status="PASS">
          <reporter-output>
          </reporter-output>
        </test-method> <!-- set_up -->
        <test-method signature="Login_Page_Test()[pri:1, instance:Com.QA.tests.Product_Test@957e06]" started-at="2025-07-31T12:10:51 IST" name="Login_Page_Test" finished-at="2025-07-31T12:10:51 IST" duration-ms="537" status="PASS">
          <reporter-output>
          </reporter-output>
        </test-method> <!-- Login_Page_Test -->
        <test-method signature="Home_Page_Test()[pri:2, instance:Com.QA.tests.Product_Test@957e06]" started-at="2025-07-31T12:10:52 IST" name="Home_Page_Test" finished-at="2025-07-31T12:10:52 IST" duration-ms="690" status="PASS">
          <reporter-output>
          </reporter-output>
        </test-method> <!-- Home_Page_Test -->
        <test-method signature="Cart_Page_Test()[pri:3, instance:Com.QA.tests.Product_Test@957e06]" started-at="2025-07-31T12:10:53 IST" name="Cart_Page_Test" finished-at="2025-07-31T12:10:53 IST" duration-ms="388" status="PASS">
          <reporter-output>
          </reporter-output>
        </test-method> <!-- Cart_Page_Test -->
        <test-method signature="Checkout_Page_Test(java.lang.String,java.lang.String,java.lang.String)[pri:4, instance:Com.QA.tests.Product_Test@957e06]" started-at="2025-07-31T12:10:54 IST" name="Checkout_Page_Test" data-provider="getData()" finished-at="2025-07-31T12:10:55 IST" duration-ms="662" status="PASS">
          <params>
            <param index="0">
              <value>
                <![CDATA[Steve]]>
              </value>
            </param>
            <param index="1">
              <value>
                <![CDATA[Warne]]>
              </value>
            </param>
            <param index="2">
              <value>
                <![CDATA[wedfrt4t]]>
              </value>
            </param>
          </params>
          <reporter-output>
          </reporter-output>
        </test-method> <!-- Checkout_Page_Test -->
        <test-method signature="payment_page_Test()[pri:5, instance:Com.QA.tests.Product_Test@957e06]" started-at="2025-07-31T12:10:55 IST" name="payment_page_Test" finished-at="2025-07-31T12:10:55 IST" duration-ms="291" status="PASS">
          <reporter-output>
          </reporter-output>
        </test-method> <!-- payment_page_Test -->
        <test-method is-config="true" signature="tear_Down()[pri:0, instance:Com.QA.tests.Product_Test@957e06]" started-at="2025-07-31T12:11:37 IST" name="tear_Down" finished-at="2025-07-31T12:11:37 IST" duration-ms="233" status="PASS">
          <reporter-output>
          </reporter-output>
        </test-method> <!-- tear_Down -->
      </class> <!-- Com.QA.tests.Product_Test -->
      <class name="Com.QA.tests.Data_Driven_Test">
        <test-method is-config="true" signature="Set_up()[pri:0, instance:Com.QA.tests.Data_Driven_Test@437da279]" started-at="2025-07-31T12:10:55 IST" name="Set_up" finished-at="2025-07-31T12:11:00 IST" duration-ms="4080" status="PASS">
          <reporter-output>
          </reporter-output>
        </test-method> <!-- Set_up -->
        <test-method signature="login_Test(java.lang.String,java.lang.String)[pri:0, instance:Com.QA.tests.Data_Driven_Test@437da279]" started-at="2025-07-31T12:11:00 IST" name="login_Test" data-provider="getLoginData" finished-at="2025-07-31T12:11:00 IST" duration-ms="524" status="PASS">
          <params>
            <param index="0">
              <value>
                <![CDATA[standard_user]]>
              </value>
            </param>
            <param index="1">
              <value>
                <![CDATA[secret_sauce]]>
              </value>
            </param>
          </params>
          <reporter-output>
          </reporter-output>
        </test-method> <!-- login_Test -->
        <test-method is-config="true" signature="tear_Down()[pri:0, instance:Com.QA.tests.Data_Driven_Test@437da279]" started-at="2025-07-31T12:11:00 IST" name="tear_Down" finished-at="2025-07-31T12:11:00 IST" duration-ms="169" status="PASS">
          <reporter-output>
          </reporter-output>
        </test-method> <!-- tear_Down -->
        <test-method is-config="true" signature="Set_up()[pri:0, instance:Com.QA.tests.Data_Driven_Test@437da279]" started-at="2025-07-31T12:11:00 IST" name="Set_up" finished-at="2025-07-31T12:11:06 IST" duration-ms="5602" status="PASS">
          <reporter-output>
          </reporter-output>
        </test-method> <!-- Set_up -->
        <test-method signature="login_Test(java.lang.String,java.lang.String)[pri:0, instance:Com.QA.tests.Data_Driven_Test@437da279]" started-at="2025-07-31T12:11:06 IST" name="login_Test" data-provider="getLoginData" finished-at="2025-07-31T12:11:07 IST" duration-ms="487" status="PASS">
          <params>
            <param index="0">
              <value>
                <![CDATA[locked_out_user]]>
              </value>
            </param>
            <param index="1">
              <value>
                <![CDATA[secret_sauce]]>
              </value>
            </param>
          </params>
          <reporter-output>
          </reporter-output>
        </test-method> <!-- login_Test -->
        <test-method is-config="true" signature="tear_Down()[pri:0, instance:Com.QA.tests.Data_Driven_Test@437da279]" started-at="2025-07-31T12:11:07 IST" name="tear_Down" finished-at="2025-07-31T12:11:07 IST" duration-ms="178" status="PASS">
          <reporter-output>
          </reporter-output>
        </test-method> <!-- tear_Down -->
        <test-method is-config="true" signature="Set_up()[pri:0, instance:Com.QA.tests.Data_Driven_Test@437da279]" started-at="2025-07-31T12:11:07 IST" name="Set_up" finished-at="2025-07-31T12:11:12 IST" duration-ms="4610" status="PASS">
          <reporter-output>
          </reporter-output>
        </test-method> <!-- Set_up -->
        <test-method signature="login_Test(java.lang.String,java.lang.String)[pri:0, instance:Com.QA.tests.Data_Driven_Test@437da279]" started-at="2025-07-31T12:11:12 IST" name="login_Test" data-provider="getLoginData" finished-at="2025-07-31T12:11:12 IST" duration-ms="454" status="PASS">
          <params>
            <param index="0">
              <value>
                <![CDATA[problem_user]]>
              </value>
            </param>
            <param index="1">
              <value>
                <![CDATA[secret_sauce]]>
              </value>
            </param>
          </params>
          <reporter-output>
          </reporter-output>
        </test-method> <!-- login_Test -->
        <test-method is-config="true" signature="tear_Down()[pri:0, instance:Com.QA.tests.Data_Driven_Test@437da279]" started-at="2025-07-31T12:11:12 IST" name="tear_Down" finished-at="2025-07-31T12:11:12 IST" duration-ms="160" status="PASS">
          <reporter-output>
          </reporter-output>
        </test-method> <!-- tear_Down -->
        <test-method is-config="true" signature="Set_up()[pri:0, instance:Com.QA.tests.Data_Driven_Test@437da279]" started-at="2025-07-31T12:11:12 IST" name="Set_up" finished-at="2025-07-31T12:11:18 IST" duration-ms="5341" status="PASS">
          <reporter-output>
          </reporter-output>
        </test-method> <!-- Set_up -->
        <test-method signature="login_Test(java.lang.String,java.lang.String)[pri:0, instance:Com.QA.tests.Data_Driven_Test@437da279]" started-at="2025-07-31T12:11:18 IST" name="login_Test" data-provider="getLoginData" finished-at="2025-07-31T12:11:23 IST" duration-ms="5548" status="PASS">
          <params>
            <param index="0">
              <value>
                <![CDATA[performance_glitch_user]]>
              </value>
            </param>
            <param index="1">
              <value>
                <![CDATA[secret_sauce]]>
              </value>
            </param>
          </params>
          <reporter-output>
          </reporter-output>
        </test-method> <!-- login_Test -->
        <test-method is-config="true" signature="tear_Down()[pri:0, instance:Com.QA.tests.Data_Driven_Test@437da279]" started-at="2025-07-31T12:11:23 IST" name="tear_Down" finished-at="2025-07-31T12:11:24 IST" duration-ms="187" status="PASS">
          <reporter-output>
          </reporter-output>
        </test-method> <!-- tear_Down -->
        <test-method is-config="true" signature="Set_up()[pri:0, instance:Com.QA.tests.Data_Driven_Test@437da279]" started-at="2025-07-31T12:11:24 IST" name="Set_up" finished-at="2025-07-31T12:11:30 IST" duration-ms="6083" status="PASS">
          <reporter-output>
          </reporter-output>
        </test-method> <!-- Set_up -->
        <test-method signature="login_Test(java.lang.String,java.lang.String)[pri:0, instance:Com.QA.tests.Data_Driven_Test@437da279]" started-at="2025-07-31T12:11:30 IST" name="login_Test" data-provider="getLoginData" finished-at="2025-07-31T12:11:30 IST" duration-ms="434" status="PASS">
          <params>
            <param index="0">
              <value>
                <![CDATA[error_user]]>
              </value>
            </param>
            <param index="1">
              <value>
                <![CDATA[secret_sauce]]>
              </value>
            </param>
          </params>
          <reporter-output>
          </reporter-output>
        </test-method> <!-- login_Test -->
        <test-method is-config="true" signature="tear_Down()[pri:0, instance:Com.QA.tests.Data_Driven_Test@437da279]" started-at="2025-07-31T12:11:30 IST" name="tear_Down" finished-at="2025-07-31T12:11:30 IST" duration-ms="169" status="PASS">
          <reporter-output>
          </reporter-output>
        </test-method> <!-- tear_Down -->
        <test-method is-config="true" signature="Set_up()[pri:0, instance:Com.QA.tests.Data_Driven_Test@437da279]" started-at="2025-07-31T12:11:30 IST" name="Set_up" finished-at="2025-07-31T12:11:36 IST" duration-ms="5581" status="PASS">
          <reporter-output>
          </reporter-output>
        </test-method> <!-- Set_up -->
        <test-method signature="login_Test(java.lang.String,java.lang.String)[pri:0, instance:Com.QA.tests.Data_Driven_Test@437da279]" started-at="2025-07-31T12:11:36 IST" name="login_Test" data-provider="getLoginData" finished-at="2025-07-31T12:11:36 IST" duration-ms="475" status="PASS">
          <params>
            <param index="0">
              <value>
                <![CDATA[visual_user]]>
              </value>
            </param>
            <param index="1">
              <value>
                <![CDATA[secret_sauce]]>
              </value>
            </param>
          </params>
          <reporter-output>
          </reporter-output>
        </test-method> <!-- login_Test -->
        <test-method is-config="true" signature="tear_Down()[pri:0, instance:Com.QA.tests.Data_Driven_Test@437da279]" started-at="2025-07-31T12:11:37 IST" name="tear_Down" finished-at="2025-07-31T12:11:37 IST" duration-ms="232" status="PASS">
          <reporter-output>
          </reporter-output>
        </test-method> <!-- tear_Down -->
      </class> <!-- Com.QA.tests.Data_Driven_Test -->
    </test> <!-- Product Tests -->
  </suite> <!-- Suite -->
</testng-results>
