<?xml version="1.0" encoding="UTF-8"?>
<testsuite xmlns:xsi="http://www.w3.org/2001/XMLSchema-instance" xsi:noNamespaceSchemaLocation="https://maven.apache.org/surefire/maven-surefire-plugin/xsd/surefire-test-report-3.0.xsd" version="3.0" name="TestSuite" time="54.463" tests="11" errors="0" skipped="0" failures="0">
  <properties>
[...]
</properties>
  <testcase name="Login_Page_Test" classname="Com.QA.tests.Product_Test" time="0.844">
    <system-out><![CDATA[On Start method invoked....
[DEBUG] 2025-07-31 12:10:51.214 [main] Product_Test - ----------Before Method Started-----------
Test Started: Login_Page_Test
Swag Labs
[INFO ] 2025-07-31 12:10:51.287 [main] Product_Test - Login Page title verified....
https://www.saucedemo.com/
[INFO ] 2025-07-31 12:10:51.296 [main] Product_Test - Login Page Url verified....
[INFO ] 2025-07-31 12:10:51.802 [main] Product_Test - Login Complete....
Test Passed: Login_Page_Test
]]></system-out>
    <system-err><![CDATA[SLF4J: Failed to load class "org.slf4j.impl.StaticLoggerBinder".
SLF4J: Defaulting to no-operation (NOP) logger implementation
SLF4J: See http://www.slf4j.org/codes.html#StaticLoggerBinder for further details.
Jul 31, 2025 12:10:48 PM org.openqa.selenium.devtools.CdpVersionFinder findNearestMatch
WARNING: Unable to find an exact match for CDP version 138, returning the closest version; found: 134; Please update to a Selenium version that supports CDP version 138
]]></system-err>
  </testcase>
  <testcase name="Home_Page_Test" classname="Com.QA.tests.Product_Test" time="0.892">
    <system-out><![CDATA[Test Started: Home_Page_Test
Swag Labs
[INFO ] 2025-07-31 12:10:52.124 [main] Product_Test - Home Page title verified....
https://www.saucedemo.com/inventory.html
[INFO ] 2025-07-31 12:10:52.132 [main] Product_Test - Home Page Url verified....
Sauce Labs Backpack
Sauce Labs Bike Light
Sauce Labs Bolt T-Shirt
Sauce Labs Fleece Jacket
Sauce Labs Onesie
Test.allTheThings() T-Shirt (Red)
[INFO ] 2025-07-31 12:10:52.339 [main] Product_Test - Home Page Product Names verified....
carry.allTheThings() with the sleek, streamlined Sly Pack that melds uncompromising style with unequaled laptop and tablet protection.
A red light isn't the desired state in testing but it sure helps when riding your bike at night. Water-resistant with 3 lighting modes, 1 AAA battery included.
Get your testing superhero on with the Sauce Labs bolt T-shirt. From American Apparel, 100% ringspun combed cotton, heather gray with red bolt.
It's not every day that you come across a midweight quarter-zip fleece jacket capable of handling everything from a relaxing day outdoors to a busy day at the office.
Rib snap infant onesie for the junior automation engineer in development. Reinforced 3-snap bottom closure, two-needle hemmed sleeved and bottom won't unravel.
This classic Sauce Labs t-shirt is perfect to wear when cozying up to your keyboard to automate a few tests. Super-soft and comfy ringspun combed cotton.
[INFO ] 2025-07-31 12:10:52.482 [main] Product_Test - Home Page Product Infos verified....
$29.99
$9.99
$15.99
$49.99
$7.99
$15.99
[INFO ] 2025-07-31 12:10:52.625 [main] Product_Test - Home Page Product Prices verified....
[INFO ] 2025-07-31 12:10:52.804 [main] Product_Test - Home Page Product Selected....
Test Passed: Home_Page_Test
]]></system-out>
  </testcase>
  <testcase name="Cart_Page_Test" classname="Com.QA.tests.Product_Test" time="0.575">
    <system-out><![CDATA[Test Started: Cart_Page_Test
Swag Labs
[INFO ] 2025-07-31 12:10:53.018 [main] Product_Test - Cart Page title verified....
https://www.saucedemo.com/inventory-item.html?id=4
[INFO ] 2025-07-31 12:10:53.027 [main] Product_Test - Cart Page url verified....
Sauce Labs Backpack
[INFO ] 2025-07-31 12:10:53.057 [main] Product_Test - Cart Page Product Name verified....
carry.allTheThings() with the sleek, streamlined Sly Pack that melds uncompromising style with unequaled laptop and tablet protection.
[INFO ] 2025-07-31 12:10:53.086 [main] Product_Test - Cart Page Product Info verified....
$29.99
[INFO ] 2025-07-31 12:10:53.117 [main] Product_Test - Cart Page Product Price verified....
[INFO ] 2025-07-31 12:10:53.253 [main] Product_Test - Cart Page Clicked On Add To Cart....
[INFO ] 2025-07-31 12:10:53.395 [main] Product_Test - Cart Page Clicked Cart....
Test Passed: Cart_Page_Test
]]></system-out>
  </testcase>
  <testcase name="Checkout_Page_Test[Steve, Warne, wedfrt4t](1)" classname="Com.QA.tests.Product_Test" time="0.869">
    <system-out><![CDATA[Test Started: Checkout_Page_Test
Swag Labs
[INFO ] 2025-07-31 12:10:54.400 [main] Product_Test - Checkout Page Title Verified.....
https://www.saucedemo.com/cart.html
[INFO ] 2025-07-31 12:10:54.408 [main] Product_Test - Checkout Page Url Verified.....
Sauce Labs Backpack
[INFO ] 2025-07-31 12:10:54.454 [main] Product_Test - Checkout Product Name Verified.....
carry.allTheThings() with the sleek, streamlined Sly Pack that melds uncompromising style with unequaled laptop and tablet protection.
[INFO ] 2025-07-31 12:10:54.485 [main] Product_Test - Checkout Product Info Verified.....
$29.99
[INFO ] 2025-07-31 12:10:54.508 [main] Product_Test - Checkout Product Price Verified.....
[INFO ] 2025-07-31 12:10:54.623 [main] Product_Test - Clicked On Checkout.....
[INFO ] 2025-07-31 12:10:54.919 [main] Product_Test - Address details Sent....
[INFO ] 2025-07-31 12:10:55.051 [main] Product_Test - Clicked On Continue Button.....
Test Passed: Checkout_Page_Test
]]></system-out>
  </testcase>
  <testcase name="payment_page_Test" classname="Com.QA.tests.Product_Test" time="0.469">
    <system-out><![CDATA[Test Started: payment_page_Test
Swag Labs
[INFO ] 2025-07-31 12:10:55.270 [main] Product_Test - Payment Page Title Verified.....
https://www.saucedemo.com/checkout-step-two.html
[INFO ] 2025-07-31 12:10:55.280 [main] Product_Test - Payment Page Url Verified.....
Sauce Labs Backpack
[INFO ] 2025-07-31 12:10:55.307 [main] Product_Test - Payment Product Name Verified.....
carry.allTheThings() with the sleek, streamlined Sly Pack that melds uncompromising style with unequaled laptop and tablet protection.
[INFO ] 2025-07-31 12:10:55.330 [main] Product_Test - Payment Product Info Verified.....
$29.99
[INFO ] 2025-07-31 12:10:55.353 [main] Product_Test - Payment Product Price Verified.....
SauceCard #31337
[INFO ] 2025-07-31 12:10:55.378 [main] Product_Test - Payment Page Payment Info Verified.....
Free Pony Express Delivery!
[INFO ] 2025-07-31 12:10:55.404 [main] Product_Test - Payment Shipping Info Verified.....
Total: $32.39
[INFO ] 2025-07-31 12:10:55.431 [main] Product_Test - Payment Page Total Price Verified.....
[INFO ] 2025-07-31 12:10:55.551 [main] Product_Test - Payment Clicked on Finish.....
Test Passed: payment_page_Test
]]></system-out>
  </testcase>
  <testcase name="login_Test[standard_user, secret_sauce](1)" classname="Com.QA.tests.Data_Driven_Test" time="0.732">
    <system-out><![CDATA[Test Started: login_Test
[INFO ] 2025-07-31 12:11:00.585 [main] Data_Driven_Test - Login Done For : standard_user
Test Passed: login_Test
]]></system-out>
    <system-err><![CDATA[Jul 31, 2025 12:10:57 PM org.openqa.selenium.devtools.CdpVersionFinder findNearestMatch
WARNING: Unable to find an exact match for CDP version 138, returning the closest version; found: 134; Please update to a Selenium version that supports CDP version 138
]]></system-err>
  </testcase>
  <testcase name="login_Test[locked_out_user, secret_sauce](2)" classname="Com.QA.tests.Data_Driven_Test" time="0.644">
    <system-out><![CDATA[Test Started: login_Test
[INFO ] 2025-07-31 12:11:07.057 [main] Data_Driven_Test - Login Done For : locked_out_user
Test Passed: login_Test
]]></system-out>
    <system-err><![CDATA[Jul 31, 2025 12:11:02 PM org.openqa.selenium.devtools.CdpVersionFinder findNearestMatch
WARNING: Unable to find an exact match for CDP version 138, returning the closest version; found: 134; Please update to a Selenium version that supports CDP version 138
]]></system-err>
  </testcase>
  <testcase name="login_Test[problem_user, secret_sauce](3)" classname="Com.QA.tests.Data_Driven_Test" time="0.664">
    <system-out><![CDATA[Test Started: login_Test
[INFO ] 2025-07-31 12:11:12.458 [main] Data_Driven_Test - Login Done For : problem_user
Test Passed: login_Test
]]></system-out>
    <system-err><![CDATA[Jul 31, 2025 12:11:09 PM org.openqa.selenium.devtools.CdpVersionFinder findNearestMatch
WARNING: Unable to find an exact match for CDP version 138, returning the closest version; found: 134; Please update to a Selenium version that supports CDP version 138
]]></system-err>
  </testcase>
  <testcase name="login_Test[performance_glitch_user, secret_sauce](4)" classname="Com.QA.tests.Data_Driven_Test" time="5.702">
    <system-out><![CDATA[Test Started: login_Test
[INFO ] 2025-07-31 12:11:23.719 [main] Data_Driven_Test - Login Done For : performance_glitch_user
Test Passed: login_Test
]]></system-out>
    <system-err><![CDATA[Jul 31, 2025 12:11:14 PM org.openqa.selenium.devtools.CdpVersionFinder findNearestMatch
WARNING: Unable to find an exact match for CDP version 138, returning the closest version; found: 134; Please update to a Selenium version that supports CDP version 138
]]></system-err>
  </testcase>
  <testcase name="login_Test[error_user, secret_sauce](5)" classname="Com.QA.tests.Data_Driven_Test" time="0.62">
    <system-out><![CDATA[Test Started: login_Test
[INFO ] 2025-07-31 12:11:30.579 [main] Data_Driven_Test - Login Done For : error_user
Test Passed: login_Test
]]></system-out>
    <system-err><![CDATA[Jul 31, 2025 12:11:25 PM org.openqa.selenium.devtools.CdpVersionFinder findNearestMatch
WARNING: Unable to find an exact match for CDP version 138, returning the closest version; found: 134; Please update to a Selenium version that supports CDP version 138
]]></system-err>
  </testcase>
  <testcase name="login_Test[visual_user, secret_sauce](6)" classname="Com.QA.tests.Data_Driven_Test" time="0.636">
    <system-out><![CDATA[Test Started: login_Test
[INFO ] 2025-07-31 12:11:36.990 [main] Data_Driven_Test - Login Done For : visual_user
Test Passed: login_Test
]]></system-out>
    <system-err><![CDATA[Jul 31, 2025 12:11:32 PM org.openqa.selenium.devtools.CdpVersionFinder findNearestMatch
WARNING: Unable to find an exact match for CDP version 138, returning the closest version; found: 134; Please update to a Selenium version that supports CDP version 138
]]></system-err>
  </testcase>
</testsuite>