<?xml version="1.0" encoding="UTF-8"?>
<testng-results ignored="0" total="2" passed="2" failed="0" skipped="0">
  <reporter-output>
  </reporter-output>
  <suite started-at="2025-07-28T17:59:56 IST" name="Default suite" finished-at="2025-07-28T18:00:00 IST" duration-ms="4780">
    <groups>
    </groups>
    <test started-at="2025-07-28T17:59:56 IST" name="Default test" finished-at="2025-07-28T18:00:00 IST" duration-ms="4780">
      <class name="Com.QA.tests.Product_Test">
        <test-method is-config="true" signature="set_up()[pri:0, instance:Com.QA.tests.Product_Test@d9345cd]" started-at="2025-07-28T17:59:56 IST" name="set_up" finished-at="2025-07-28T17:59:59 IST" duration-ms="3241" status="PASS">
          <reporter-output>
          </reporter-output>
        </test-method> <!-- set_up -->
        <test-method signature="Login_Page_Test()[pri:1, instance:Com.QA.tests.Product_Test@d9345cd]" started-at="2025-07-28T17:59:59 IST" name="Login_Page_Test" finished-at="2025-07-28T17:59:59 IST" duration-ms="478" status="PASS">
          <reporter-output>
          </reporter-output>
        </test-method> <!-- Login_Page_Test -->
        <test-method signature="Home_Page_Test()[pri:2, instance:Com.QA.tests.Product_Test@d9345cd]" started-at="2025-07-28T17:59:59 IST" name="Home_Page_Test" finished-at="2025-07-28T18:00:00 IST" duration-ms="734" status="PASS">
          <reporter-output>
          </reporter-output>
        </test-method> <!-- Home_Page_Test -->
        <test-method is-config="true" signature="tear_Down()[pri:0, instance:Com.QA.tests.Product_Test@d9345cd]" started-at="2025-07-28T18:00:00 IST" name="tear_Down" finished-at="2025-07-28T18:00:00 IST" duration-ms="254" status="PASS">
          <reporter-output>
          </reporter-output>
        </test-method> <!-- tear_Down -->
      </class> <!-- Com.QA.tests.Product_Test -->
    </test> <!-- Default test -->
  </suite> <!-- Default suite -->
</testng-results>
